This is XeTeX, Version 3.14159265-2.6-0.99996 (MiKTeX 2.9) (preloaded format=xelatex 2016.6.20)  18 OCT 2016 07:55
entering extended mode
**./zgoda.tex
(zgoda.tex
LaTeX2e <2016/03/31>
Babel <3.9r> and hyphenation patterns for 75 language(s) loaded.
! Undefined control sequence.
l.1 \cvsection
              {Zgoda}
? 
! Emergency stop.
l.1 \cvsection
              {Zgoda}
End of file on the terminal!

 
Here is how much of TeX's memory you used:
 6 strings out of 428410
 173 string characters out of 3159548
 53073 words of memory out of 3000000
 3500 multiletter control sequences out of 15000+200000
 3640 words of font info for 14 fonts, out of 3000000 for 9000
 1328 hyphenation exceptions out of 8191
 5i,0n,1p,31b,8s stack positions out of 5000i,500n,10000p,200000b,50000s
No pages of output.
